[2024-07-31T17:45:42,029][ERROR][o.e.b.Bootstrap          ] [] Exception
java.lang.IllegalArgumentException: Unknown codebases [codebase.elasticsearch-plugin-classloader, codebase.elasticsearch, codebase.elasticsearch-secure-sm] in policy file [file:/D:/project/elasticsearch/server/out/production/resources/org/elasticsearch/bootstrap/security.policy]
Available codebases: [codebase.jna-5.7.0-1.jar, codebase.lucene-grouping, codebase.t-digest-3.2.jar, codebase.joda-time, codebase.lucene-sandbox-8.8.2.jar, codebase.lucene-backward-codecs, codebase.joda-time-2.10.10.jar, codebase.lucene-highlighter, codebase.lucene-analyzers-common-8.8.2.jar, codebase.log4j-api-2.11.1.jar, codebase.lucene-memory, codebase.jopt-simple, codebase.jts-core, codebase.hppc, codebase.lucene-spatial3d-8.8.2.jar, codebase.jna, codebase.hppc-0.8.1.jar, codebase.spatial4j-0.7.jar, codebase.lucene-join, codebase.log4j-api, codebase.lucene-spatial-extras-8.8.2.jar, codebase.lucene-backward-codecs-8.8.2.jar, codebase.HdrHistogram, codebase.jackson-dataformat-cbor, codebase.lucene-highlighter-8.8.2.jar, codebase.lucene-core, codebase.spatial4j, codebase.log4j-core-2.11.1.jar, codebase.snakeyaml-1.26.jar, codebase.snakeyaml, codebase.jackson-dataformat-yaml-2.10.4.jar, codebase.HdrHistogram-2.1.9.jar, codebase.lucene-queryparser-8.8.2.jar, codebase.t-digest, codebase.lucene-memory-8.8.2.jar, codebase.lucene-analyzers-common, codebase.lucene-suggest-8.8.2.jar, codebase.jackson-dataformat-cbor-2.10.4.jar, codebase.lucene-join-8.8.2.jar, codebase.lucene-spatial-extras, codebase.lucene-queryparser, codebase.jts-core-1.15.0.jar, codebase.lucene-grouping-8.8.2.jar, codebase.jackson-core-2.10.4.jar, codebase.jackson-dataformat-yaml, codebase.jackson-core, codebase.log4j-core, codebase.lucene-queries, codebase.lucene-sandbox, codebase.lucene-misc-8.8.2.jar, codebase.lucene-suggest, codebase.lucene-queries-8.8.2.jar, codebase.jackson-dataformat-smile, codebase.jopt-simple-5.0.2.jar, codebase.lucene-core-8.8.2.jar, codebase.lucene-misc, codebase.lucene-spatial3d, codebase.jackson-dataformat-smile-2.10.4.jar]
	at org.elasticsearch.bootstrap.PolicyUtil.readPolicy(PolicyUtil.java:261) ~[main/:?]
	at org.elasticsearch.bootstrap.ESPolicy.<init>(ESPolicy.java:44) ~[main/:?]
	at org.elasticsearch.bootstrap.Security.configure(Security.java:105) ~[main/:?]
	at org.elasticsearch.bootstrap.Bootstrap.setup(Bootstrap.java:212) ~[main/:?]
	at org.elasticsearch.bootstrap.Bootstrap.init(Bootstrap.java:397) [main/:?]
	at org.elasticsearch.bootstrap.Elasticsearch.init(Elasticsearch.java:161) [main/:?]
	at org.elasticsearch.bootstrap.Elasticsearch.execute(Elasticsearch.java:152) [main/:?]
	at org.elasticsearch.cli.EnvironmentAwareCommand.execute(EnvironmentAwareCommand.java:75) [main/:?]
	at org.elasticsearch.cli.Command.mainWithoutErrorHandling(Command.java:116) [main/:?]
	at org.elasticsearch.cli.Command.main(Command.java:79) [main/:?]
	at org.elasticsearch.bootstrap.Elasticsearch.main(Elasticsearch.java:117) [main/:?]
	at org.elasticsearch.bootstrap.Elasticsearch.main(Elasticsearch.java:83) [main/:?]
[2024-07-31T17:45:42,037][ERROR][o.e.b.ElasticsearchUncaughtExceptionHandler] [] uncaught exception in thread [main]
org.elasticsearch.bootstrap.StartupException: java.lang.IllegalArgumentException: Unknown codebases [codebase.elasticsearch-plugin-classloader, codebase.elasticsearch, codebase.elasticsearch-secure-sm] in policy file [file:/D:/project/elasticsearch/server/out/production/resources/org/elasticsearch/bootstrap/security.policy]
Available codebases: [codebase.jna-5.7.0-1.jar, codebase.lucene-grouping, codebase.t-digest-3.2.jar, codebase.joda-time, codebase.lucene-sandbox-8.8.2.jar, codebase.lucene-backward-codecs, codebase.joda-time-2.10.10.jar, codebase.lucene-highlighter, codebase.lucene-analyzers-common-8.8.2.jar, codebase.log4j-api-2.11.1.jar, codebase.lucene-memory, codebase.jopt-simple, codebase.jts-core, codebase.hppc, codebase.lucene-spatial3d-8.8.2.jar, codebase.jna, codebase.hppc-0.8.1.jar, codebase.spatial4j-0.7.jar, codebase.lucene-join, codebase.log4j-api, codebase.lucene-spatial-extras-8.8.2.jar, codebase.lucene-backward-codecs-8.8.2.jar, codebase.HdrHistogram, codebase.jackson-dataformat-cbor, codebase.lucene-highlighter-8.8.2.jar, codebase.lucene-core, codebase.spatial4j, codebase.log4j-core-2.11.1.jar, codebase.snakeyaml-1.26.jar, codebase.snakeyaml, codebase.jackson-dataformat-yaml-2.10.4.jar, codebase.HdrHistogram-2.1.9.jar, codebase.lucene-queryparser-8.8.2.jar, codebase.t-digest, codebase.lucene-memory-8.8.2.jar, codebase.lucene-analyzers-common, codebase.lucene-suggest-8.8.2.jar, codebase.jackson-dataformat-cbor-2.10.4.jar, codebase.lucene-join-8.8.2.jar, codebase.lucene-spatial-extras, codebase.lucene-queryparser, codebase.jts-core-1.15.0.jar, codebase.lucene-grouping-8.8.2.jar, codebase.jackson-core-2.10.4.jar, codebase.jackson-dataformat-yaml, codebase.jackson-core, codebase.log4j-core, codebase.lucene-queries, codebase.lucene-sandbox, codebase.lucene-misc-8.8.2.jar, codebase.lucene-suggest, codebase.lucene-queries-8.8.2.jar, codebase.jackson-dataformat-smile, codebase.jopt-simple-5.0.2.jar, codebase.lucene-core-8.8.2.jar, codebase.lucene-misc, codebase.lucene-spatial3d, codebase.jackson-dataformat-smile-2.10.4.jar]
	at org.elasticsearch.bootstrap.Elasticsearch.init(Elasticsearch.java:165) ~[main/:?]
	at org.elasticsearch.bootstrap.Elasticsearch.execute(Elasticsearch.java:152) ~[main/:?]
	at org.elasticsearch.cli.EnvironmentAwareCommand.execute(EnvironmentAwareCommand.java:75) ~[main/:?]
	at org.elasticsearch.cli.Command.mainWithoutErrorHandling(Command.java:116) ~[main/:?]
	at org.elasticsearch.cli.Command.main(Command.java:79) ~[main/:?]
	at org.elasticsearch.bootstrap.Elasticsearch.main(Elasticsearch.java:117) ~[main/:?]
	at org.elasticsearch.bootstrap.Elasticsearch.main(Elasticsearch.java:83) ~[main/:?]
Caused by: java.lang.IllegalArgumentException: Unknown codebases [codebase.elasticsearch-plugin-classloader, codebase.elasticsearch, codebase.elasticsearch-secure-sm] in policy file [file:/D:/project/elasticsearch/server/out/production/resources/org/elasticsearch/bootstrap/security.policy]
Available codebases: [codebase.jna-5.7.0-1.jar, codebase.lucene-grouping, codebase.t-digest-3.2.jar, codebase.joda-time, codebase.lucene-sandbox-8.8.2.jar, codebase.lucene-backward-codecs, codebase.joda-time-2.10.10.jar, codebase.lucene-highlighter, codebase.lucene-analyzers-common-8.8.2.jar, codebase.log4j-api-2.11.1.jar, codebase.lucene-memory, codebase.jopt-simple, codebase.jts-core, codebase.hppc, codebase.lucene-spatial3d-8.8.2.jar, codebase.jna, codebase.hppc-0.8.1.jar, codebase.spatial4j-0.7.jar, codebase.lucene-join, codebase.log4j-api, codebase.lucene-spatial-extras-8.8.2.jar, codebase.lucene-backward-codecs-8.8.2.jar, codebase.HdrHistogram, codebase.jackson-dataformat-cbor, codebase.lucene-highlighter-8.8.2.jar, codebase.lucene-core, codebase.spatial4j, codebase.log4j-core-2.11.1.jar, codebase.snakeyaml-1.26.jar, codebase.snakeyaml, codebase.jackson-dataformat-yaml-2.10.4.jar, codebase.HdrHistogram-2.1.9.jar, codebase.lucene-queryparser-8.8.2.jar, codebase.t-digest, codebase.lucene-memory-8.8.2.jar, codebase.lucene-analyzers-common, codebase.lucene-suggest-8.8.2.jar, codebase.jackson-dataformat-cbor-2.10.4.jar, codebase.lucene-join-8.8.2.jar, codebase.lucene-spatial-extras, codebase.lucene-queryparser, codebase.jts-core-1.15.0.jar, codebase.lucene-grouping-8.8.2.jar, codebase.jackson-core-2.10.4.jar, codebase.jackson-dataformat-yaml, codebase.jackson-core, codebase.log4j-core, codebase.lucene-queries, codebase.lucene-sandbox, codebase.lucene-misc-8.8.2.jar, codebase.lucene-suggest, codebase.lucene-queries-8.8.2.jar, codebase.jackson-dataformat-smile, codebase.jopt-simple-5.0.2.jar, codebase.lucene-core-8.8.2.jar, codebase.lucene-misc, codebase.lucene-spatial3d, codebase.jackson-dataformat-smile-2.10.4.jar]
	at org.elasticsearch.bootstrap.PolicyUtil.readPolicy(PolicyUtil.java:261) ~[main/:?]
	at org.elasticsearch.bootstrap.ESPolicy.<init>(ESPolicy.java:44) ~[main/:?]
	at org.elasticsearch.bootstrap.Security.configure(Security.java:105) ~[main/:?]
	at org.elasticsearch.bootstrap.Bootstrap.setup(Bootstrap.java:212) ~[main/:?]
	at org.elasticsearch.bootstrap.Bootstrap.init(Bootstrap.java:397) ~[main/:?]
	at org.elasticsearch.bootstrap.Elasticsearch.init(Elasticsearch.java:161) ~[main/:?]
	... 6 more
[2024-07-31T17:46:38,060][ERROR][o.e.b.Bootstrap          ] [] Exception
java.lang.IllegalArgumentException: Unknown codebases [codebase.elasticsearch-plugin-classloader, codebase.elasticsearch, codebase.elasticsearch-secure-sm] in policy file [file:/D:/project/elasticsearch/server/out/production/resources/org/elasticsearch/bootstrap/security.policy]
Available codebases: [codebase.jna-5.7.0-1.jar, codebase.lucene-grouping, codebase.t-digest-3.2.jar, codebase.joda-time, codebase.lucene-sandbox-8.8.2.jar, codebase.lucene-backward-codecs, codebase.joda-time-2.10.10.jar, codebase.lucene-highlighter, codebase.lucene-analyzers-common-8.8.2.jar, codebase.log4j-api-2.11.1.jar, codebase.lucene-memory, codebase.jopt-simple, codebase.jts-core, codebase.hppc, codebase.lucene-spatial3d-8.8.2.jar, codebase.jna, codebase.hppc-0.8.1.jar, codebase.spatial4j-0.7.jar, codebase.lucene-join, codebase.log4j-api, codebase.lucene-spatial-extras-8.8.2.jar, codebase.lucene-backward-codecs-8.8.2.jar, codebase.HdrHistogram, codebase.jackson-dataformat-cbor, codebase.lucene-highlighter-8.8.2.jar, codebase.lucene-core, codebase.spatial4j, codebase.log4j-core-2.11.1.jar, codebase.snakeyaml-1.26.jar, codebase.snakeyaml, codebase.jackson-dataformat-yaml-2.10.4.jar, codebase.HdrHistogram-2.1.9.jar, codebase.lucene-queryparser-8.8.2.jar, codebase.t-digest, codebase.lucene-memory-8.8.2.jar, codebase.lucene-analyzers-common, codebase.lucene-suggest-8.8.2.jar, codebase.jackson-dataformat-cbor-2.10.4.jar, codebase.lucene-join-8.8.2.jar, codebase.lucene-spatial-extras, codebase.lucene-queryparser, codebase.jts-core-1.15.0.jar, codebase.lucene-grouping-8.8.2.jar, codebase.jackson-core-2.10.4.jar, codebase.jackson-dataformat-yaml, codebase.jackson-core, codebase.log4j-core, codebase.lucene-queries, codebase.lucene-sandbox, codebase.lucene-misc-8.8.2.jar, codebase.lucene-suggest, codebase.lucene-queries-8.8.2.jar, codebase.jackson-dataformat-smile, codebase.jopt-simple-5.0.2.jar, codebase.lucene-core-8.8.2.jar, codebase.lucene-misc, codebase.lucene-spatial3d, codebase.jackson-dataformat-smile-2.10.4.jar]
	at org.elasticsearch.bootstrap.PolicyUtil.readPolicy(PolicyUtil.java:261) ~[main/:?]
	at org.elasticsearch.bootstrap.ESPolicy.<init>(ESPolicy.java:44) ~[main/:?]
	at org.elasticsearch.bootstrap.Security.configure(Security.java:105) ~[main/:?]
	at org.elasticsearch.bootstrap.Bootstrap.setup(Bootstrap.java:212) ~[main/:?]
	at org.elasticsearch.bootstrap.Bootstrap.init(Bootstrap.java:397) [main/:?]
	at org.elasticsearch.bootstrap.Elasticsearch.init(Elasticsearch.java:162) [main/:?]
	at org.elasticsearch.bootstrap.Elasticsearch.execute(Elasticsearch.java:153) [main/:?]
	at org.elasticsearch.cli.EnvironmentAwareCommand.execute(EnvironmentAwareCommand.java:75) [main/:?]
	at org.elasticsearch.cli.Command.mainWithoutErrorHandling(Command.java:116) [main/:?]
	at org.elasticsearch.cli.Command.main(Command.java:79) [main/:?]
	at org.elasticsearch.bootstrap.Elasticsearch.main(Elasticsearch.java:118) [main/:?]
	at org.elasticsearch.bootstrap.Elasticsearch.main(Elasticsearch.java:84) [main/:?]
[2024-07-31T17:46:38,074][ERROR][o.e.b.ElasticsearchUncaughtExceptionHandler] [] uncaught exception in thread [main]
org.elasticsearch.bootstrap.StartupException: java.lang.IllegalArgumentException: Unknown codebases [codebase.elasticsearch-plugin-classloader, codebase.elasticsearch, codebase.elasticsearch-secure-sm] in policy file [file:/D:/project/elasticsearch/server/out/production/resources/org/elasticsearch/bootstrap/security.policy]
Available codebases: [codebase.jna-5.7.0-1.jar, codebase.lucene-grouping, codebase.t-digest-3.2.jar, codebase.joda-time, codebase.lucene-sandbox-8.8.2.jar, codebase.lucene-backward-codecs, codebase.joda-time-2.10.10.jar, codebase.lucene-highlighter, codebase.lucene-analyzers-common-8.8.2.jar, codebase.log4j-api-2.11.1.jar, codebase.lucene-memory, codebase.jopt-simple, codebase.jts-core, codebase.hppc, codebase.lucene-spatial3d-8.8.2.jar, codebase.jna, codebase.hppc-0.8.1.jar, codebase.spatial4j-0.7.jar, codebase.lucene-join, codebase.log4j-api, codebase.lucene-spatial-extras-8.8.2.jar, codebase.lucene-backward-codecs-8.8.2.jar, codebase.HdrHistogram, codebase.jackson-dataformat-cbor, codebase.lucene-highlighter-8.8.2.jar, codebase.lucene-core, codebase.spatial4j, codebase.log4j-core-2.11.1.jar, codebase.snakeyaml-1.26.jar, codebase.snakeyaml, codebase.jackson-dataformat-yaml-2.10.4.jar, codebase.HdrHistogram-2.1.9.jar, codebase.lucene-queryparser-8.8.2.jar, codebase.t-digest, codebase.lucene-memory-8.8.2.jar, codebase.lucene-analyzers-common, codebase.lucene-suggest-8.8.2.jar, codebase.jackson-dataformat-cbor-2.10.4.jar, codebase.lucene-join-8.8.2.jar, codebase.lucene-spatial-extras, codebase.lucene-queryparser, codebase.jts-core-1.15.0.jar, codebase.lucene-grouping-8.8.2.jar, codebase.jackson-core-2.10.4.jar, codebase.jackson-dataformat-yaml, codebase.jackson-core, codebase.log4j-core, codebase.lucene-queries, codebase.lucene-sandbox, codebase.lucene-misc-8.8.2.jar, codebase.lucene-suggest, codebase.lucene-queries-8.8.2.jar, codebase.jackson-dataformat-smile, codebase.jopt-simple-5.0.2.jar, codebase.lucene-core-8.8.2.jar, codebase.lucene-misc, codebase.lucene-spatial3d, codebase.jackson-dataformat-smile-2.10.4.jar]
	at org.elasticsearch.bootstrap.Elasticsearch.init(Elasticsearch.java:166) ~[main/:?]
	at org.elasticsearch.bootstrap.Elasticsearch.execute(Elasticsearch.java:153) ~[main/:?]
	at org.elasticsearch.cli.EnvironmentAwareCommand.execute(EnvironmentAwareCommand.java:75) ~[main/:?]
	at org.elasticsearch.cli.Command.mainWithoutErrorHandling(Command.java:116) ~[main/:?]
	at org.elasticsearch.cli.Command.main(Command.java:79) ~[main/:?]
	at org.elasticsearch.bootstrap.Elasticsearch.main(Elasticsearch.java:118) ~[main/:?]
	at org.elasticsearch.bootstrap.Elasticsearch.main(Elasticsearch.java:84) ~[main/:?]
Caused by: java.lang.IllegalArgumentException: Unknown codebases [codebase.elasticsearch-plugin-classloader, codebase.elasticsearch, codebase.elasticsearch-secure-sm] in policy file [file:/D:/project/elasticsearch/server/out/production/resources/org/elasticsearch/bootstrap/security.policy]
Available codebases: [codebase.jna-5.7.0-1.jar, codebase.lucene-grouping, codebase.t-digest-3.2.jar, codebase.joda-time, codebase.lucene-sandbox-8.8.2.jar, codebase.lucene-backward-codecs, codebase.joda-time-2.10.10.jar, codebase.lucene-highlighter, codebase.lucene-analyzers-common-8.8.2.jar, codebase.log4j-api-2.11.1.jar, codebase.lucene-memory, codebase.jopt-simple, codebase.jts-core, codebase.hppc, codebase.lucene-spatial3d-8.8.2.jar, codebase.jna, codebase.hppc-0.8.1.jar, codebase.spatial4j-0.7.jar, codebase.lucene-join, codebase.log4j-api, codebase.lucene-spatial-extras-8.8.2.jar, codebase.lucene-backward-codecs-8.8.2.jar, codebase.HdrHistogram, codebase.jackson-dataformat-cbor, codebase.lucene-highlighter-8.8.2.jar, codebase.lucene-core, codebase.spatial4j, codebase.log4j-core-2.11.1.jar, codebase.snakeyaml-1.26.jar, codebase.snakeyaml, codebase.jackson-dataformat-yaml-2.10.4.jar, codebase.HdrHistogram-2.1.9.jar, codebase.lucene-queryparser-8.8.2.jar, codebase.t-digest, codebase.lucene-memory-8.8.2.jar, codebase.lucene-analyzers-common, codebase.lucene-suggest-8.8.2.jar, codebase.jackson-dataformat-cbor-2.10.4.jar, codebase.lucene-join-8.8.2.jar, codebase.lucene-spatial-extras, codebase.lucene-queryparser, codebase.jts-core-1.15.0.jar, codebase.lucene-grouping-8.8.2.jar, codebase.jackson-core-2.10.4.jar, codebase.jackson-dataformat-yaml, codebase.jackson-core, codebase.log4j-core, codebase.lucene-queries, codebase.lucene-sandbox, codebase.lucene-misc-8.8.2.jar, codebase.lucene-suggest, codebase.lucene-queries-8.8.2.jar, codebase.jackson-dataformat-smile, codebase.jopt-simple-5.0.2.jar, codebase.lucene-core-8.8.2.jar, codebase.lucene-misc, codebase.lucene-spatial3d, codebase.jackson-dataformat-smile-2.10.4.jar]
	at org.elasticsearch.bootstrap.PolicyUtil.readPolicy(PolicyUtil.java:261) ~[main/:?]
	at org.elasticsearch.bootstrap.ESPolicy.<init>(ESPolicy.java:44) ~[main/:?]
	at org.elasticsearch.bootstrap.Security.configure(Security.java:105) ~[main/:?]
	at org.elasticsearch.bootstrap.Bootstrap.setup(Bootstrap.java:212) ~[main/:?]
	at org.elasticsearch.bootstrap.Bootstrap.init(Bootstrap.java:397) ~[main/:?]
	at org.elasticsearch.bootstrap.Elasticsearch.init(Elasticsearch.java:162) ~[main/:?]
	... 6 more
[2024-07-31T17:51:46,747][ERROR][o.e.b.Bootstrap          ] [] Exception
java.lang.IllegalArgumentException: Unknown codebases [codebase.elasticsearch-plugin-classloader] in policy file [file:/D:/project/elasticsearch/server/out/production/resources/org/elasticsearch/bootstrap/security.policy]
Available codebases: [codebase.jna-5.7.0-1.jar, codebase.lucene-grouping, codebase.t-digest-3.2.jar, codebase.joda-time, codebase.lucene-sandbox-8.8.2.jar, codebase.lucene-backward-codecs, codebase.joda-time-2.10.10.jar, codebase.lucene-highlighter, codebase.lucene-analyzers-common-8.8.2.jar, codebase.log4j-api-2.11.1.jar, codebase.lucene-memory, codebase.jopt-simple, codebase.jts-core, codebase.hppc, codebase.lucene-spatial3d-8.8.2.jar, codebase.jna, codebase.hppc-0.8.1.jar, codebase.spatial4j-0.7.jar, codebase.lucene-join, codebase.log4j-api, codebase.lucene-spatial-extras-8.8.2.jar, codebase.lucene-backward-codecs-8.8.2.jar, codebase.HdrHistogram, codebase.jackson-dataformat-cbor, codebase.lucene-highlighter-8.8.2.jar, codebase.lucene-core, codebase.spatial4j, codebase.log4j-core-2.11.1.jar, codebase.snakeyaml-1.26.jar, codebase.snakeyaml, codebase.jackson-dataformat-yaml-2.10.4.jar, codebase.HdrHistogram-2.1.9.jar, codebase.lucene-queryparser-8.8.2.jar, codebase.t-digest, codebase.lucene-memory-8.8.2.jar, codebase.lucene-analyzers-common, codebase.lucene-suggest-8.8.2.jar, codebase.jackson-dataformat-cbor-2.10.4.jar, codebase.lucene-join-8.8.2.jar, codebase.lucene-spatial-extras, codebase.lucene-queryparser, codebase.jts-core-1.15.0.jar, codebase.lucene-grouping-8.8.2.jar, codebase.jackson-core-2.10.4.jar, codebase.jackson-dataformat-yaml, codebase.jackson-core, codebase.log4j-core, codebase.lucene-queries, codebase.lucene-sandbox, codebase.lucene-misc-8.8.2.jar, codebase.lucene-suggest, codebase.lucene-queries-8.8.2.jar, codebase.jackson-dataformat-smile, codebase.jopt-simple-5.0.2.jar, codebase.lucene-core-8.8.2.jar, codebase.lucene-misc, codebase.lucene-spatial3d, codebase.jackson-dataformat-smile-2.10.4.jar]
	at org.elasticsearch.bootstrap.PolicyUtil.readPolicy(PolicyUtil.java:261) ~[main/:?]
	at org.elasticsearch.bootstrap.ESPolicy.<init>(ESPolicy.java:44) ~[main/:?]
	at org.elasticsearch.bootstrap.Security.configure(Security.java:105) ~[main/:?]
	at org.elasticsearch.bootstrap.Bootstrap.setup(Bootstrap.java:212) ~[main/:?]
	at org.elasticsearch.bootstrap.Bootstrap.init(Bootstrap.java:397) [main/:?]
	at org.elasticsearch.bootstrap.Elasticsearch.init(Elasticsearch.java:163) [main/:?]
	at org.elasticsearch.bootstrap.Elasticsearch.execute(Elasticsearch.java:154) [main/:?]
	at org.elasticsearch.cli.EnvironmentAwareCommand.execute(EnvironmentAwareCommand.java:75) [main/:?]
	at org.elasticsearch.cli.Command.mainWithoutErrorHandling(Command.java:116) [main/:?]
	at org.elasticsearch.cli.Command.main(Command.java:79) [main/:?]
	at org.elasticsearch.bootstrap.Elasticsearch.main(Elasticsearch.java:119) [main/:?]
	at org.elasticsearch.bootstrap.Elasticsearch.main(Elasticsearch.java:85) [main/:?]
[2024-07-31T17:51:46,755][ERROR][o.e.b.ElasticsearchUncaughtExceptionHandler] [] uncaught exception in thread [main]
org.elasticsearch.bootstrap.StartupException: java.lang.IllegalArgumentException: Unknown codebases [codebase.elasticsearch-plugin-classloader] in policy file [file:/D:/project/elasticsearch/server/out/production/resources/org/elasticsearch/bootstrap/security.policy]
Available codebases: [codebase.jna-5.7.0-1.jar, codebase.lucene-grouping, codebase.t-digest-3.2.jar, codebase.joda-time, codebase.lucene-sandbox-8.8.2.jar, codebase.lucene-backward-codecs, codebase.joda-time-2.10.10.jar, codebase.lucene-highlighter, codebase.lucene-analyzers-common-8.8.2.jar, codebase.log4j-api-2.11.1.jar, codebase.lucene-memory, codebase.jopt-simple, codebase.jts-core, codebase.hppc, codebase.lucene-spatial3d-8.8.2.jar, codebase.jna, codebase.hppc-0.8.1.jar, codebase.spatial4j-0.7.jar, codebase.lucene-join, codebase.log4j-api, codebase.lucene-spatial-extras-8.8.2.jar, codebase.lucene-backward-codecs-8.8.2.jar, codebase.HdrHistogram, codebase.jackson-dataformat-cbor, codebase.lucene-highlighter-8.8.2.jar, codebase.lucene-core, codebase.spatial4j, codebase.log4j-core-2.11.1.jar, codebase.snakeyaml-1.26.jar, codebase.snakeyaml, codebase.jackson-dataformat-yaml-2.10.4.jar, codebase.HdrHistogram-2.1.9.jar, codebase.lucene-queryparser-8.8.2.jar, codebase.t-digest, codebase.lucene-memory-8.8.2.jar, codebase.lucene-analyzers-common, codebase.lucene-suggest-8.8.2.jar, codebase.jackson-dataformat-cbor-2.10.4.jar, codebase.lucene-join-8.8.2.jar, codebase.lucene-spatial-extras, codebase.lucene-queryparser, codebase.jts-core-1.15.0.jar, codebase.lucene-grouping-8.8.2.jar, codebase.jackson-core-2.10.4.jar, codebase.jackson-dataformat-yaml, codebase.jackson-core, codebase.log4j-core, codebase.lucene-queries, codebase.lucene-sandbox, codebase.lucene-misc-8.8.2.jar, codebase.lucene-suggest, codebase.lucene-queries-8.8.2.jar, codebase.jackson-dataformat-smile, codebase.jopt-simple-5.0.2.jar, codebase.lucene-core-8.8.2.jar, codebase.lucene-misc, codebase.lucene-spatial3d, codebase.jackson-dataformat-smile-2.10.4.jar]
	at org.elasticsearch.bootstrap.Elasticsearch.init(Elasticsearch.java:167) ~[main/:?]
	at org.elasticsearch.bootstrap.Elasticsearch.execute(Elasticsearch.java:154) ~[main/:?]
	at org.elasticsearch.cli.EnvironmentAwareCommand.execute(EnvironmentAwareCommand.java:75) ~[main/:?]
	at org.elasticsearch.cli.Command.mainWithoutErrorHandling(Command.java:116) ~[main/:?]
	at org.elasticsearch.cli.Command.main(Command.java:79) ~[main/:?]
	at org.elasticsearch.bootstrap.Elasticsearch.main(Elasticsearch.java:119) ~[main/:?]
	at org.elasticsearch.bootstrap.Elasticsearch.main(Elasticsearch.java:85) ~[main/:?]
Caused by: java.lang.IllegalArgumentException: Unknown codebases [codebase.elasticsearch-plugin-classloader] in policy file [file:/D:/project/elasticsearch/server/out/production/resources/org/elasticsearch/bootstrap/security.policy]
Available codebases: [codebase.jna-5.7.0-1.jar, codebase.lucene-grouping, codebase.t-digest-3.2.jar, codebase.joda-time, codebase.lucene-sandbox-8.8.2.jar, codebase.lucene-backward-codecs, codebase.joda-time-2.10.10.jar, codebase.lucene-highlighter, codebase.lucene-analyzers-common-8.8.2.jar, codebase.log4j-api-2.11.1.jar, codebase.lucene-memory, codebase.jopt-simple, codebase.jts-core, codebase.hppc, codebase.lucene-spatial3d-8.8.2.jar, codebase.jna, codebase.hppc-0.8.1.jar, codebase.spatial4j-0.7.jar, codebase.lucene-join, codebase.log4j-api, codebase.lucene-spatial-extras-8.8.2.jar, codebase.lucene-backward-codecs-8.8.2.jar, codebase.HdrHistogram, codebase.jackson-dataformat-cbor, codebase.lucene-highlighter-8.8.2.jar, codebase.lucene-core, codebase.spatial4j, codebase.log4j-core-2.11.1.jar, codebase.snakeyaml-1.26.jar, codebase.snakeyaml, codebase.jackson-dataformat-yaml-2.10.4.jar, codebase.HdrHistogram-2.1.9.jar, codebase.lucene-queryparser-8.8.2.jar, codebase.t-digest, codebase.lucene-memory-8.8.2.jar, codebase.lucene-analyzers-common, codebase.lucene-suggest-8.8.2.jar, codebase.jackson-dataformat-cbor-2.10.4.jar, codebase.lucene-join-8.8.2.jar, codebase.lucene-spatial-extras, codebase.lucene-queryparser, codebase.jts-core-1.15.0.jar, codebase.lucene-grouping-8.8.2.jar, codebase.jackson-core-2.10.4.jar, codebase.jackson-dataformat-yaml, codebase.jackson-core, codebase.log4j-core, codebase.lucene-queries, codebase.lucene-sandbox, codebase.lucene-misc-8.8.2.jar, codebase.lucene-suggest, codebase.lucene-queries-8.8.2.jar, codebase.jackson-dataformat-smile, codebase.jopt-simple-5.0.2.jar, codebase.lucene-core-8.8.2.jar, codebase.lucene-misc, codebase.lucene-spatial3d, codebase.jackson-dataformat-smile-2.10.4.jar]
	at org.elasticsearch.bootstrap.PolicyUtil.readPolicy(PolicyUtil.java:261) ~[main/:?]
	at org.elasticsearch.bootstrap.ESPolicy.<init>(ESPolicy.java:44) ~[main/:?]
	at org.elasticsearch.bootstrap.Security.configure(Security.java:105) ~[main/:?]
	at org.elasticsearch.bootstrap.Bootstrap.setup(Bootstrap.java:212) ~[main/:?]
	at org.elasticsearch.bootstrap.Bootstrap.init(Bootstrap.java:397) ~[main/:?]
	at org.elasticsearch.bootstrap.Elasticsearch.init(Elasticsearch.java:163) ~[main/:?]
	... 6 more
[2024-07-31T17:52:15,953][INFO ][o.e.n.Node               ] [] version[7.13.5], pid[25040], build[unknown/unknown/unknown/unknown], OS[Windows 11/10.0/amd64], JVM[Oracle Corporation/Java HotSpot(TM) 64-Bit Server VM/17.0.11/17.0.11+7-LTS-207]
[2024-07-31T17:52:15,959][INFO ][o.e.n.Node               ] [] JVM home [D:\JDK17]
[2024-07-31T17:52:15,967][INFO ][o.e.n.Node               ] [] JVM arguments [-agentlib:jdwp=transport=dt_socket,address=127.0.0.1:56047,suspend=y,server=n, -javaagent:C:\Users\31413\AppData\Local\JetBrains\IntelliJIdea2023.3\groovyHotSwap\gragent.jar, -javaagent:C:\Users\31413\AppData\Local\JetBrains\IntelliJIdea2023.3\captureAgent\debugger-agent.jar, -Dfile.encoding=UTF-8]
[2024-07-31T17:52:16,454][ERROR][o.e.b.Bootstrap          ] [] Exception
java.lang.IllegalArgumentException: Plugin [repository-url] was built for Elasticsearch version 7.13.0 but version 7.13.5 is running
	at org.elasticsearch.plugins.PluginsService.verifyCompatibility(PluginsService.java:342) ~[main/:?]
	at org.elasticsearch.plugins.PluginsService.loadBundle(PluginsService.java:618) ~[main/:?]
	at org.elasticsearch.plugins.PluginsService.loadBundles(PluginsService.java:474) ~[main/:?]
	at org.elasticsearch.plugins.PluginsService.<init>(PluginsService.java:158) ~[main/:?]
	at org.elasticsearch.node.Node.<init>(Node.java:352) ~[main/:?]
	at org.elasticsearch.node.Node.<init>(Node.java:278) ~[main/:?]
	at org.elasticsearch.bootstrap.Bootstrap$5.<init>(Bootstrap.java:217) ~[main/:?]
	at org.elasticsearch.bootstrap.Bootstrap.setup(Bootstrap.java:217) ~[main/:?]
	at org.elasticsearch.bootstrap.Bootstrap.init(Bootstrap.java:397) [main/:?]
	at org.elasticsearch.bootstrap.Elasticsearch.init(Elasticsearch.java:163) [main/:?]
	at org.elasticsearch.bootstrap.Elasticsearch.execute(Elasticsearch.java:154) [main/:?]
	at org.elasticsearch.cli.EnvironmentAwareCommand.execute(EnvironmentAwareCommand.java:75) [main/:?]
	at org.elasticsearch.cli.Command.mainWithoutErrorHandling(Command.java:116) [main/:?]
	at org.elasticsearch.cli.Command.main(Command.java:79) [main/:?]
	at org.elasticsearch.bootstrap.Elasticsearch.main(Elasticsearch.java:119) [main/:?]
	at org.elasticsearch.bootstrap.Elasticsearch.main(Elasticsearch.java:85) [main/:?]
[2024-07-31T17:52:16,458][ERROR][o.e.b.ElasticsearchUncaughtExceptionHandler] [] uncaught exception in thread [main]
org.elasticsearch.bootstrap.StartupException: java.lang.IllegalArgumentException: Plugin [repository-url] was built for Elasticsearch version 7.13.0 but version 7.13.5 is running
	at org.elasticsearch.bootstrap.Elasticsearch.init(Elasticsearch.java:167) ~[main/:?]
	at org.elasticsearch.bootstrap.Elasticsearch.execute(Elasticsearch.java:154) ~[main/:?]
	at org.elasticsearch.cli.EnvironmentAwareCommand.execute(EnvironmentAwareCommand.java:75) ~[main/:?]
	at org.elasticsearch.cli.Command.mainWithoutErrorHandling(Command.java:116) ~[main/:?]
	at org.elasticsearch.cli.Command.main(Command.java:79) ~[main/:?]
	at org.elasticsearch.bootstrap.Elasticsearch.main(Elasticsearch.java:119) ~[main/:?]
	at org.elasticsearch.bootstrap.Elasticsearch.main(Elasticsearch.java:85) ~[main/:?]
Caused by: java.lang.IllegalArgumentException: Plugin [repository-url] was built for Elasticsearch version 7.13.0 but version 7.13.5 is running
	at org.elasticsearch.plugins.PluginsService.verifyCompatibility(PluginsService.java:342) ~[main/:?]
	at org.elasticsearch.plugins.PluginsService.loadBundle(PluginsService.java:618) ~[main/:?]
	at org.elasticsearch.plugins.PluginsService.loadBundles(PluginsService.java:474) ~[main/:?]
	at org.elasticsearch.plugins.PluginsService.<init>(PluginsService.java:158) ~[main/:?]
	at org.elasticsearch.node.Node.<init>(Node.java:352) ~[main/:?]
	at org.elasticsearch.node.Node.<init>(Node.java:278) ~[main/:?]
	at org.elasticsearch.bootstrap.Bootstrap$5.<init>(Bootstrap.java:217) ~[main/:?]
	at org.elasticsearch.bootstrap.Bootstrap.setup(Bootstrap.java:217) ~[main/:?]
	at org.elasticsearch.bootstrap.Bootstrap.init(Bootstrap.java:397) ~[main/:?]
	at org.elasticsearch.bootstrap.Elasticsearch.init(Elasticsearch.java:163) ~[main/:?]
	... 6 more
[2024-07-31T18:17:13,756][INFO ][o.e.n.Node               ] [] version[7.13.0], pid[40268], build[unknown/unknown/unknown/unknown], OS[Windows 11/10.0/amd64], JVM[Oracle Corporation/Java HotSpot(TM) 64-Bit Server VM/17.0.11/17.0.11+7-LTS-207]
[2024-07-31T18:17:13,764][INFO ][o.e.n.Node               ] [] JVM home [D:\JDK17]
[2024-07-31T18:17:13,773][INFO ][o.e.n.Node               ] [] JVM arguments [-agentlib:jdwp=transport=dt_socket,address=127.0.0.1:59947,suspend=y,server=n, -javaagent:C:\Users\31413\AppData\Local\JetBrains\IntelliJIdea2023.3\groovyHotSwap\gragent.jar, -javaagent:C:\Users\31413\AppData\Local\JetBrains\IntelliJIdea2023.3\captureAgent\debugger-agent.jar, -Dfile.encoding=UTF-8]
[2024-07-31T18:17:31,874][INFO ][o.e.p.PluginsService     ] [] loaded module [aggs-matrix-stats]
[2024-07-31T18:17:31,875][INFO ][o.e.p.PluginsService     ] [] loaded module [analysis-common]
[2024-07-31T18:17:31,875][INFO ][o.e.p.PluginsService     ] [] loaded module [constant-keyword]
[2024-07-31T18:17:31,875][INFO ][o.e.p.PluginsService     ] [] loaded module [frozen-indices]
[2024-07-31T18:17:31,875][INFO ][o.e.p.PluginsService     ] [] loaded module [ingest-common]
[2024-07-31T18:17:31,875][INFO ][o.e.p.PluginsService     ] [] loaded module [ingest-geoip]
[2024-07-31T18:17:31,876][INFO ][o.e.p.PluginsService     ] [] loaded module [ingest-user-agent]
[2024-07-31T18:17:31,876][INFO ][o.e.p.PluginsService     ] [] loaded module [kibana]
[2024-07-31T18:17:31,876][INFO ][o.e.p.PluginsService     ] [] loaded module [lang-expression]
[2024-07-31T18:17:31,876][INFO ][o.e.p.PluginsService     ] [] loaded module [lang-mustache]
[2024-07-31T18:17:31,876][INFO ][o.e.p.PluginsService     ] [] loaded module [lang-painless]
[2024-07-31T18:17:31,877][INFO ][o.e.p.PluginsService     ] [] loaded module [mapper-extras]
[2024-07-31T18:17:31,877][INFO ][o.e.p.PluginsService     ] [] loaded module [mapper-version]
[2024-07-31T18:17:31,877][INFO ][o.e.p.PluginsService     ] [] loaded module [parent-join]
[2024-07-31T18:17:31,877][INFO ][o.e.p.PluginsService     ] [] loaded module [percolator]
[2024-07-31T18:17:31,877][INFO ][o.e.p.PluginsService     ] [] loaded module [rank-eval]
[2024-07-31T18:17:31,878][INFO ][o.e.p.PluginsService     ] [] loaded module [reindex]
[2024-07-31T18:17:31,878][INFO ][o.e.p.PluginsService     ] [] loaded module [repositories-metering-api]
[2024-07-31T18:17:31,878][INFO ][o.e.p.PluginsService     ] [] loaded module [repository-encrypted]
[2024-07-31T18:17:31,878][INFO ][o.e.p.PluginsService     ] [] loaded module [repository-url]
[2024-07-31T18:17:31,878][INFO ][o.e.p.PluginsService     ] [] loaded module [runtime-fields-common]
[2024-07-31T18:17:31,878][INFO ][o.e.p.PluginsService     ] [] loaded module [search-business-rules]
[2024-07-31T18:17:31,879][INFO ][o.e.p.PluginsService     ] [] loaded module [searchable-snapshots]
[2024-07-31T18:17:31,879][INFO ][o.e.p.PluginsService     ] [] loaded module [snapshot-repo-test-kit]
[2024-07-31T18:17:31,879][INFO ][o.e.p.PluginsService     ] [] loaded module [spatial]
[2024-07-31T18:17:31,879][INFO ][o.e.p.PluginsService     ] [] loaded module [transform]
[2024-07-31T18:17:31,879][INFO ][o.e.p.PluginsService     ] [] loaded module [transport-netty4]
[2024-07-31T18:17:31,879][INFO ][o.e.p.PluginsService     ] [] loaded module [unsigned-long]
[2024-07-31T18:17:31,880][INFO ][o.e.p.PluginsService     ] [] loaded module [vectors]
[2024-07-31T18:17:31,880][INFO ][o.e.p.PluginsService     ] [] loaded module [wildcard]
[2024-07-31T18:17:31,880][INFO ][o.e.p.PluginsService     ] [] loaded module [x-pack-aggregate-metric]
[2024-07-31T18:17:31,880][INFO ][o.e.p.PluginsService     ] [] loaded module [x-pack-analytics]
[2024-07-31T18:17:31,880][INFO ][o.e.p.PluginsService     ] [] loaded module [x-pack-async]
[2024-07-31T18:17:31,880][INFO ][o.e.p.PluginsService     ] [] loaded module [x-pack-async-search]
[2024-07-31T18:17:31,881][INFO ][o.e.p.PluginsService     ] [] loaded module [x-pack-autoscaling]
[2024-07-31T18:17:31,881][INFO ][o.e.p.PluginsService     ] [] loaded module [x-pack-ccr]
[2024-07-31T18:17:31,881][INFO ][o.e.p.PluginsService     ] [] loaded module [x-pack-core]
[2024-07-31T18:17:31,881][INFO ][o.e.p.PluginsService     ] [] loaded module [x-pack-data-streams]
[2024-07-31T18:17:31,881][INFO ][o.e.p.PluginsService     ] [] loaded module [x-pack-deprecation]
[2024-07-31T18:17:31,882][INFO ][o.e.p.PluginsService     ] [] loaded module [x-pack-enrich]
[2024-07-31T18:17:31,882][INFO ][o.e.p.PluginsService     ] [] loaded module [x-pack-eql]
[2024-07-31T18:17:31,882][INFO ][o.e.p.PluginsService     ] [] loaded module [x-pack-fleet]
[2024-07-31T18:17:31,882][INFO ][o.e.p.PluginsService     ] [] loaded module [x-pack-graph]
[2024-07-31T18:17:31,882][INFO ][o.e.p.PluginsService     ] [] loaded module [x-pack-identity-provider]
[2024-07-31T18:17:31,882][INFO ][o.e.p.PluginsService     ] [] loaded module [x-pack-ilm]
[2024-07-31T18:17:31,883][INFO ][o.e.p.PluginsService     ] [] loaded module [x-pack-logstash]
[2024-07-31T18:17:31,883][INFO ][o.e.p.PluginsService     ] [] loaded module [x-pack-ml]
[2024-07-31T18:17:31,883][INFO ][o.e.p.PluginsService     ] [] loaded module [x-pack-monitoring]
[2024-07-31T18:17:31,883][INFO ][o.e.p.PluginsService     ] [] loaded module [x-pack-ql]
[2024-07-31T18:17:31,883][INFO ][o.e.p.PluginsService     ] [] loaded module [x-pack-rollup]
[2024-07-31T18:17:31,883][INFO ][o.e.p.PluginsService     ] [] loaded module [x-pack-security]
[2024-07-31T18:17:31,884][INFO ][o.e.p.PluginsService     ] [] loaded module [x-pack-shutdown]
[2024-07-31T18:17:31,884][INFO ][o.e.p.PluginsService     ] [] loaded module [x-pack-sql]
[2024-07-31T18:17:31,884][INFO ][o.e.p.PluginsService     ] [] loaded module [x-pack-stack]
[2024-07-31T18:17:31,884][INFO ][o.e.p.PluginsService     ] [] loaded module [x-pack-text-structure]
[2024-07-31T18:17:31,884][INFO ][o.e.p.PluginsService     ] [] loaded module [x-pack-voting-only-node]
[2024-07-31T18:17:31,884][INFO ][o.e.p.PluginsService     ] [] loaded module [x-pack-watcher]
[2024-07-31T18:17:31,886][INFO ][o.e.p.PluginsService     ] [] no plugins loaded
[2024-07-31T18:17:33,488][INFO ][o.e.e.NodeEnvironment    ] [] using [1] data paths, mounts [[Data (D:)]], net usable_space [176.5gb], net total_space [224.7gb], types [NTFS]
[2024-07-31T18:17:33,489][INFO ][o.e.e.NodeEnvironment    ] [] heap size [11.9gb], compressed ordinary object pointers [true]
[2024-07-31T18:17:33,601][INFO ][o.e.n.Node               ] [] node name [], node ID [-zuBNbfrRfGhSSDCsAOFwg], cluster name [elasticsearch], roles [transform, data_frozen, master, remote_cluster_client, data, ml, data_content, data_hot, data_warm, data_cold, ingest]
[2024-07-31T18:17:33,806][INFO ][i.n.u.i.PlatformDependent] [] Your platform does not provide complete low-level API for accessing direct buffers reliably. Unless explicitly requested, heap buffer will always be preferred to avoid potential system instability.
[2024-07-31T18:17:40,348][INFO ][o.e.x.m.p.l.CppLogMessageHandler] [] [controller/35836] [Main.cc@117] controller (64 bit): Version 7.13.0 (Build a62594307178cf) Copyright (c) 2021 Elasticsearch BV
[2024-07-31T18:17:41,002][INFO ][o.e.x.s.a.s.FileRolesStore] [] parsed [0] roles from file [D:\project\elasticsearch\home\config\roles.yml]
[2024-07-31T18:17:42,067][INFO ][o.e.i.g.LocalDatabases   ] [] initialized default databases [[GeoLite2-Country.mmdb, GeoLite2-City.mmdb, GeoLite2-ASN.mmdb]], config databases [[]] and watching [D:\project\elasticsearch\home\config\ingest-geoip] for changes
[2024-07-31T18:17:42,070][INFO ][o.e.i.g.DatabaseRegistry ] [] initialized database registry, using geoip-databases directory [C:\Users\31413\AppData\Local\Temp\geoip-databases\-zuBNbfrRfGhSSDCsAOFwg]
[2024-07-31T18:17:43,578][INFO ][i.n.u.i.PlatformDependent] [] Your platform does not provide complete low-level API for accessing direct buffers reliably. Unless explicitly requested, heap buffer will always be preferred to avoid potential system instability.
[2024-07-31T18:17:43,630][INFO ][o.e.t.NettyAllocator     ] [] creating NettyAllocator with the following configs: [name=elasticsearch_configured, chunk_size=1mb, suggested_max_allocation_size=1mb, factors={es.unsafe.use_netty_default_chunk_and_page_size=false, g1gc_enabled=true, g1gc_region_size=8mb}]
[2024-07-31T18:17:43,714][INFO ][o.e.d.DiscoveryModule    ] [] using discovery type [zen] and seed hosts providers [settings]
[2024-07-31T18:17:44,678][INFO ][o.e.g.DanglingIndicesState] [] gateway.auto_import_dangling_indices is disabled, dangling indices will not be automatically detected or imported and must be managed manually
[2024-07-31T18:17:45,496][INFO ][o.e.n.Node               ] [] initialized
[2024-07-31T18:17:45,496][INFO ][o.e.n.Node               ] [] starting ...
[2024-07-31T18:17:45,509][INFO ][o.e.x.s.c.f.PersistentCache] [] persistent cache index loaded
[2024-07-31T18:17:45,854][INFO ][o.e.t.TransportService   ] [] publish_address {127.0.0.1:9300}, bound_addresses {127.0.0.1:9300}, {[::1]:9300}
[2024-07-31T18:17:46,082][WARN ][o.e.b.BootstrapChecks    ] [] initial heap size [805306368] not equal to maximum heap size [12801015808]; this can cause resize pauses
[2024-07-31T18:17:46,082][WARN ][o.e.b.BootstrapChecks    ] [] the default discovery settings are unsuitable for production use; at least one of [discovery.seed_hosts, discovery.seed_providers, cluster.initial_master_nodes] must be configured
[2024-07-31T18:17:46,100][INFO ][o.e.c.c.ClusterBootstrapService] [] no discovery configuration found, will perform best-effort cluster bootstrapping after [3s] unless existing master is discovered
[2024-07-31T18:17:49,107][INFO ][o.e.c.c.Coordinator      ] [] setting initial configuration to VotingConfiguration{-zuBNbfrRfGhSSDCsAOFwg}
[2024-07-31T18:17:49,302][INFO ][o.e.c.s.MasterService    ] [] elected-as-master ([1] nodes joined)[{-zuBNbfrRfGhSSDCsAOFwg}{LydwdYVARxmwqGfG6JFlUw}{127.0.0.1}{127.0.0.1:9300}{cdfhilmrstw} elect leader, _BECOME_MASTER_TASK_, _FINISH_ELECTION_], term: 1, version: 1, delta: master node changed {previous [], current [{-zuBNbfrRfGhSSDCsAOFwg}{LydwdYVARxmwqGfG6JFlUw}{127.0.0.1}{127.0.0.1:9300}{cdfhilmrstw}]}
[2024-07-31T18:17:49,362][INFO ][o.e.c.c.CoordinationState] [] cluster UUID set to [B3dqFAXFSeqd5wkTkhMYsA]
[2024-07-31T18:17:49,414][INFO ][o.e.c.s.ClusterApplierService] [] master node changed {previous [], current [{-zuBNbfrRfGhSSDCsAOFwg}{LydwdYVARxmwqGfG6JFlUw}{127.0.0.1}{127.0.0.1:9300}{cdfhilmrstw}]}, term: 1, version: 1, reason: Publication{term=1, version=1}
[2024-07-31T18:17:49,530][INFO ][o.e.x.c.t.IndexTemplateRegistry] [] adding legacy template [.ml-anomalies-] for [ml], because it doesn't exist
[2024-07-31T18:17:49,532][INFO ][o.e.x.c.t.IndexTemplateRegistry] [] adding legacy template [.ml-state] for [ml], because it doesn't exist
[2024-07-31T18:17:49,532][INFO ][o.e.x.c.t.IndexTemplateRegistry] [] adding legacy template [.ml-notifications-000001] for [ml], because it doesn't exist
[2024-07-31T18:17:49,532][INFO ][o.e.x.c.t.IndexTemplateRegistry] [] adding legacy template [.ml-stats] for [ml], because it doesn't exist
[2024-07-31T18:17:49,642][INFO ][o.e.h.AbstractHttpServerTransport] [] publish_address {127.0.0.1:9200}, bound_addresses {127.0.0.1:9200}, {[::1]:9200}
[2024-07-31T18:17:49,642][INFO ][o.e.n.Node               ] [] started
[2024-07-31T18:17:49,738][INFO ][o.e.g.GatewayService     ] [] recovered [0] indices into cluster_state
[2024-07-31T18:17:50,220][INFO ][o.e.c.m.MetadataIndexTemplateService] [] adding template [.ml-state] for index patterns [.ml-state*]
[2024-07-31T18:17:50,399][INFO ][o.e.c.m.MetadataIndexTemplateService] [] adding template [.ml-notifications-000001] for index patterns [.ml-notifications-000001]
[2024-07-31T18:17:50,523][INFO ][o.e.c.m.MetadataIndexTemplateService] [] adding template [.ml-stats] for index patterns [.ml-stats-*]
[2024-07-31T18:17:50,651][INFO ][o.e.c.m.MetadataIndexTemplateService] [] adding template [.ml-anomalies-] for index patterns [.ml-anomalies-*]
[2024-07-31T18:17:50,760][INFO ][o.e.c.m.MetadataIndexTemplateService] [] adding component template [synthetics-mappings]
[2024-07-31T18:17:50,836][INFO ][o.e.c.m.MetadataIndexTemplateService] [] adding component template [logs-settings]
[2024-07-31T18:17:50,938][INFO ][o.e.c.m.MetadataIndexTemplateService] [] adding component template [synthetics-settings]
[2024-07-31T18:17:51,063][INFO ][o.e.c.m.MetadataIndexTemplateService] [] adding component template [metrics-settings]
[2024-07-31T18:17:51,161][INFO ][o.e.c.m.MetadataIndexTemplateService] [] adding component template [logs-mappings]
[2024-07-31T18:17:51,268][INFO ][o.e.c.m.MetadataIndexTemplateService] [] adding component template [metrics-mappings]
[2024-07-31T18:17:51,420][INFO ][o.e.c.m.MetadataIndexTemplateService] [] adding index template [.watch-history-13] for index patterns [.watcher-history-13*]
[2024-07-31T18:17:51,512][INFO ][o.e.c.m.MetadataIndexTemplateService] [] adding index template [ilm-history] for index patterns [ilm-history-5*]
[2024-07-31T18:17:51,611][INFO ][o.e.c.m.MetadataIndexTemplateService] [] adding index template [.slm-history] for index patterns [.slm-history-5*]
[2024-07-31T18:17:51,702][INFO ][o.e.c.m.MetadataIndexTemplateService] [] adding template [.monitoring-alerts-7] for index patterns [.monitoring-alerts-7]
[2024-07-31T18:17:51,832][INFO ][o.e.c.m.MetadataIndexTemplateService] [] adding template [.monitoring-es] for index patterns [.monitoring-es-7-*]
[2024-07-31T18:17:51,930][INFO ][o.e.c.m.MetadataIndexTemplateService] [] adding template [.monitoring-kibana] for index patterns [.monitoring-kibana-7-*]
[2024-07-31T18:17:52,032][INFO ][o.e.c.m.MetadataIndexTemplateService] [] adding template [.monitoring-logstash] for index patterns [.monitoring-logstash-7-*]
[2024-07-31T18:17:52,151][INFO ][o.e.c.m.MetadataIndexTemplateService] [] adding template [.monitoring-beats] for index patterns [.monitoring-beats-7-*]
[2024-07-31T18:17:52,293][INFO ][o.e.c.m.MetadataIndexTemplateService] [] adding index template [synthetics] for index patterns [synthetics-*-*]
[2024-07-31T18:17:52,409][INFO ][o.e.c.m.MetadataIndexTemplateService] [] adding index template [logs] for index patterns [logs-*-*]
[2024-07-31T18:17:52,512][INFO ][o.e.c.m.MetadataIndexTemplateService] [] adding index template [metrics] for index patterns [metrics-*-*]
[2024-07-31T18:17:52,617][INFO ][o.e.x.i.a.TransportPutLifecycleAction] [] adding index lifecycle policy [ml-size-based-ilm-policy]
[2024-07-31T18:17:52,761][INFO ][o.e.x.i.a.TransportPutLifecycleAction] [] adding index lifecycle policy [metrics]
[2024-07-31T18:17:52,826][INFO ][o.e.x.i.a.TransportPutLifecycleAction] [] adding index lifecycle policy [synthetics]
[2024-07-31T18:17:52,907][INFO ][o.e.x.i.a.TransportPutLifecycleAction] [] adding index lifecycle policy [logs]
[2024-07-31T18:17:52,981][INFO ][o.e.x.i.a.TransportPutLifecycleAction] [] adding index lifecycle policy [watch-history-ilm-policy]
[2024-07-31T18:17:53,063][INFO ][o.e.x.i.a.TransportPutLifecycleAction] [] adding index lifecycle policy [ilm-history-ilm-policy]
[2024-07-31T18:17:53,137][INFO ][o.e.x.i.a.TransportPutLifecycleAction] [] adding index lifecycle policy [slm-history-ilm-policy]
[2024-07-31T18:17:53,197][INFO ][o.e.x.i.a.TransportPutLifecycleAction] [] adding index lifecycle policy [.fleet-actions-results-ilm-policy]
[2024-07-31T18:17:53,414][INFO ][o.e.l.LicenseService     ] [] license [75e96119-7a60-4be7-8779-79b053fc5fa7] mode [basic] - valid
[2024-07-31T18:17:53,419][INFO ][o.e.x.s.s.SecurityStatusChangeListener] [] Active license is now [BASIC]; Security is disabled
[2024-07-31T18:17:53,419][WARN ][o.e.x.s.s.SecurityStatusChangeListener] [] Elasticsearch built-in security features are not enabled. Without authentication, your cluster could be accessible to anyone. See https://www.elastic.co/guide/en/elasticsearch/reference/7.13/security-minimal-setup.html to enable security.
[2024-07-31T18:19:11,282][INFO ][o.e.n.Node               ] [] stopping ...
[2024-07-31T18:19:11,290][INFO ][o.e.x.m.p.NativeController] [] Native controller process has stopped - no new native processes can be started
